2023-12-01 20:42:08.233  INFO Microsoft.Hosting.Lifetime.OnApplicationStarted [0]: Application started. Press Ctrl+C to shut down. 
2023-12-01 20:42:08.334  INFO Microsoft.Hosting.Lifetime.OnApplicationStarted [0]: Hosting environment: Development 
2023-12-01 20:42:08.336  INFO Microsoft.Hosting.Lifetime.OnApplicationStarted [0]: Content root path: C:\Users\Henry-Pham\Documents\GitHub\dotNET_BaseProjectTemplate\BaseProjectTemplate\App.Web 
2023-12-01 20:42:17.975  INFO App.Web.WebConfig.Middlewares.AppLoggingMiddleware.MoveNext [0]: ANONYMOUS_USER; GET /Category/Index => 200 
2023-12-01 20:43:27.682  INFO Microsoft.Hosting.Lifetime.OnApplicationStarted [0]: Application started. Press Ctrl+C to shut down. 
2023-12-01 20:43:27.737  INFO Microsoft.Hosting.Lifetime.OnApplicationStarted [0]: Hosting environment: Development 
2023-12-01 20:43:27.738  INFO Microsoft.Hosting.Lifetime.OnApplicationStarted [0]: Content root path: C:\Users\Henry-Pham\Documents\GitHub\dotNET_BaseProjectTemplate\BaseProjectTemplate\App.Web 
2023-12-01 20:43:35.607  INFO App.Web.WebConfig.Middlewares.AppLoggingMiddleware.MoveNext [0]: ANONYMOUS_USER; GET /Category/Index => 200 
2023-12-01 20:44:58.544  INFO App.Web.WebConfig.Middlewares.AppLoggingMiddleware.MoveNext [0]: ANONYMOUS_USER; GET /Account/Logout => 302 
2023-12-01 20:44:59.421  INFO App.Web.WebConfig.Middlewares.AppLoggingMiddleware.MoveNext [0]: ANONYMOUS_USER; GET /login => 200 
2023-12-01 20:45:03.523 DEBUG App.Data.Repositories.GenericRepository.LogDebugQuery [76]: DECLARE @__ToLower_0 varchar(200) = 'admin';

SELECT [a].[Avatar], [a].[BlockedBy], [a].[BlockedTo], [a].[Email], [a].[FullName], [a].[Id], [a].[PasswordHash], [a].[PhoneNumber1], CASE
    WHEN [a0].[Id] IS NULL THEN N''
    ELSE [a0].[Name]
END, [a].[Username], [a0].[Id], [a1].[MstPermissionId], [a1].[Id]
FROM [AppUser] AS [a]
LEFT JOIN [AppRole] AS [a0] ON [a].[AppRoleId] = [a0].[Id]
LEFT JOIN [AppRolePermission] AS [a1] ON [a0].[Id] = [a1].[AppRoleId]
WHERE [a].[DeletedDate] IS NULL AND ([a].[Username] = @__ToLower_0)
ORDER BY [a].[Id], [a0].[Id], [a1].[Id] 
2023-12-01 20:45:04.493  INFO App.Web.WebConfig.Middlewares.AppLoggingMiddleware.MoveNext [0]: ANONYMOUS_USER; POST /login => 302 
2023-12-01 20:45:04.735  INFO App.Web.WebConfig.Middlewares.AppLoggingMiddleware.MoveNext [0]: USER_ID: 1, USERNAME: admin; GET / => 200 
2023-12-01 20:49:22.554 DEBUG App.Data.Repositories.GenericRepository.LogDebugQuery [76]: DECLARE @__CurrentUsername_0 varchar(200) = 'admin';

SELECT [a].[Id], [a].[Address], [a].[AppRoleId], [a].[Avatar], [a].[BlockedBy], [a].[BlockedTo], [a].[CreatedBy], [a].[CreatedDate], [a].[DeletedDate], [a].[DisplayOrder], [a].[Email], [a].[FullName], [a].[PasswordHash], [a].[PhoneNumber1], [a].[PhoneNumber2], [a].[UpdatedBy], [a].[UpdatedDate], [a].[Username]
FROM [AppUser] AS [a]
WHERE [a].[DeletedDate] IS NULL AND ([a].[Username] <> @__CurrentUsername_0)
ORDER BY [a].[DisplayOrder] DESC, [a].[Id] DESC 
2023-12-01 20:49:23.785  INFO App.Web.WebConfig.Middlewares.AppLoggingMiddleware.MoveNext [0]: USER_ID: 1, USERNAME: admin; GET /User => 200 
2023-12-01 20:49:26.590 DEBUG App.Data.Repositories.GenericRepository.LogDebugQuery [76]: SELECT [a].[CreatedDate], [a].[Desc], [a].[Id], [a].[Name]
FROM [AppRole] AS [a]
WHERE [a].[DeletedDate] IS NULL
ORDER BY [a].[DisplayOrder] DESC, [a].[Id] DESC 
2023-12-01 20:49:26.922  INFO App.Web.WebConfig.Middlewares.AppLoggingMiddleware.MoveNext [0]: USER_ID: 1, USERNAME: admin; GET /Role => 200 
2023-12-01 20:49:29.456  INFO App.Web.WebConfig.Middlewares.AppLoggingMiddleware.MoveNext [0]: USER_ID: 1, USERNAME: admin; GET /file-manager => 200 
2023-12-01 20:49:31.138  INFO App.Web.WebConfig.Middlewares.AppLoggingMiddleware.MoveNext [0]: USER_ID: 1, USERNAME: admin; GET /file-manager/connector => 200 
2023-12-01 20:52:29.904  INFO Microsoft.Hosting.Lifetime.OnApplicationStarted [0]: Application started. Press Ctrl+C to shut down. 
2023-12-01 20:52:30.014  INFO Microsoft.Hosting.Lifetime.OnApplicationStarted [0]: Hosting environment: Development 
2023-12-01 20:52:30.016  INFO Microsoft.Hosting.Lifetime.OnApplicationStarted [0]: Content root path: C:\Users\Henry-Pham\Documents\GitHub\dotNET_BaseProjectTemplate\BaseProjectTemplate\App.Web 
2023-12-01 20:52:47.890  INFO App.Web.WebConfig.Middlewares.AppLoggingMiddleware.MoveNext [0]: USER_ID: 1, USERNAME: admin; GET / => 200 
2023-12-01 20:53:26.843  INFO App.Web.WebConfig.Middlewares.AppLoggingMiddleware.MoveNext [0]: USER_ID: 1, USERNAME: admin; GET /Category => 200 
2023-12-01 20:54:06.439  INFO Microsoft.Hosting.Lifetime.OnApplicationStarted [0]: Application started. Press Ctrl+C to shut down. 
2023-12-01 20:54:06.505  INFO Microsoft.Hosting.Lifetime.OnApplicationStarted [0]: Hosting environment: Development 
2023-12-01 20:54:06.506  INFO Microsoft.Hosting.Lifetime.OnApplicationStarted [0]: Content root path: C:\Users\Henry-Pham\Documents\GitHub\dotNET_BaseProjectTemplate\BaseProjectTemplate\App.Web 
2023-12-01 20:54:13.892  INFO App.Web.WebConfig.Middlewares.AppLoggingMiddleware.MoveNext [0]: USER_ID: 1, USERNAME: admin; GET /Category => 200 
2023-12-01 20:55:21.881  INFO Microsoft.Hosting.Lifetime.OnApplicationStarted [0]: Application started. Press Ctrl+C to shut down. 
2023-12-01 20:55:21.942  INFO Microsoft.Hosting.Lifetime.OnApplicationStarted [0]: Hosting environment: Development 
2023-12-01 20:55:21.944  INFO Microsoft.Hosting.Lifetime.OnApplicationStarted [0]: Content root path: C:\Users\Henry-Pham\Documents\GitHub\dotNET_BaseProjectTemplate\BaseProjectTemplate\App.Web 
2023-12-01 20:55:29.491  INFO App.Web.WebConfig.Middlewares.AppLoggingMiddleware.MoveNext [0]: USER_ID: 1, USERNAME: admin; GET / => 200 
2023-12-01 20:56:21.371 DEBUG App.Data.Repositories.GenericRepository.LogDebugQuery [76]: DECLARE @__CurrentUsername_0 varchar(200) = 'admin';

SELECT [a].[Id], [a].[Address], [a].[AppRoleId], [a].[Avatar], [a].[BlockedBy], [a].[BlockedTo], [a].[CreatedBy], [a].[CreatedDate], [a].[DeletedDate], [a].[DisplayOrder], [a].[Email], [a].[FullName], [a].[PasswordHash], [a].[PhoneNumber1], [a].[PhoneNumber2], [a].[UpdatedBy], [a].[UpdatedDate], [a].[Username]
FROM [AppUser] AS [a]
WHERE [a].[DeletedDate] IS NULL AND ([a].[Username] <> @__CurrentUsername_0)
ORDER BY [a].[DisplayOrder] DESC, [a].[Id] DESC 
2023-12-01 20:56:22.256  INFO App.Web.WebConfig.Middlewares.AppLoggingMiddleware.MoveNext [0]: USER_ID: 1, USERNAME: admin; GET /User => 200 
2023-12-01 20:56:30.311 DEBUG App.Data.Repositories.GenericRepository.LogDebugQuery [76]: SELECT [a].[CreatedDate], [a].[Desc], [a].[Id], [a].[Name]
FROM [AppRole] AS [a]
WHERE [a].[DeletedDate] IS NULL
ORDER BY [a].[DisplayOrder] DESC, [a].[Id] DESC 
2023-12-01 20:56:30.518  INFO App.Web.WebConfig.Middlewares.AppLoggingMiddleware.MoveNext [0]: USER_ID: 1, USERNAME: admin; GET /Role => 200 
2023-12-01 20:56:31.842  INFO App.Web.WebConfig.Middlewares.AppLoggingMiddleware.MoveNext [0]: USER_ID: 1, USERNAME: admin; GET /Category => 200 
2023-12-01 20:56:37.498 DEBUG App.Data.Repositories.GenericRepository.LogDebugQuery [76]: SELECT [a].[CreatedDate], [a].[Desc], [a].[Id], [a].[Name]
FROM [AppRole] AS [a]
WHERE [a].[DeletedDate] IS NULL
ORDER BY [a].[DisplayOrder] DESC, [a].[Id] DESC 
2023-12-01 20:56:37.518  INFO App.Web.WebConfig.Middlewares.AppLoggingMiddleware.MoveNext [0]: USER_ID: 1, USERNAME: admin; GET /Role => 200 
2023-12-01 20:56:38.955 DEBUG App.Data.Repositories.GenericRepository.LogDebugQuery [76]: DECLARE @__CurrentUsername_0 varchar(200) = 'admin';

SELECT [a].[Id], [a].[Address], [a].[AppRoleId], [a].[Avatar], [a].[BlockedBy], [a].[BlockedTo], [a].[CreatedBy], [a].[CreatedDate], [a].[DeletedDate], [a].[DisplayOrder], [a].[Email], [a].[FullName], [a].[PasswordHash], [a].[PhoneNumber1], [a].[PhoneNumber2], [a].[UpdatedBy], [a].[UpdatedDate], [a].[Username]
FROM [AppUser] AS [a]
WHERE [a].[DeletedDate] IS NULL AND ([a].[Username] <> @__CurrentUsername_0)
ORDER BY [a].[DisplayOrder] DESC, [a].[Id] DESC 
2023-12-01 20:56:38.970  INFO App.Web.WebConfig.Middlewares.AppLoggingMiddleware.MoveNext [0]: USER_ID: 1, USERNAME: admin; GET /User => 200 
2023-12-01 20:56:46.860  INFO App.Web.WebConfig.Middlewares.AppLoggingMiddleware.MoveNext [0]: USER_ID: 1, USERNAME: admin; GET /Account/Logout => 302 
2023-12-01 20:56:47.125  INFO App.Web.WebConfig.Middlewares.AppLoggingMiddleware.MoveNext [0]: ANONYMOUS_USER; GET /login => 200 
2023-12-01 20:56:49.857 DEBUG App.Data.Repositories.GenericRepository.LogDebugQuery [76]: DECLARE @__ToLower_0 varchar(200) = 'admin';

SELECT [a].[Avatar], [a].[BlockedBy], [a].[BlockedTo], [a].[Email], [a].[FullName], [a].[Id], [a].[PasswordHash], [a].[PhoneNumber1], CASE
    WHEN [a0].[Id] IS NULL THEN N''
    ELSE [a0].[Name]
END, [a].[Username], [a0].[Id], [a1].[MstPermissionId], [a1].[Id]
FROM [AppUser] AS [a]
LEFT JOIN [AppRole] AS [a0] ON [a].[AppRoleId] = [a0].[Id]
LEFT JOIN [AppRolePermission] AS [a1] ON [a0].[Id] = [a1].[AppRoleId]
WHERE [a].[DeletedDate] IS NULL AND ([a].[Username] = @__ToLower_0)
ORDER BY [a].[Id], [a0].[Id], [a1].[Id] 
2023-12-01 20:56:50.263  INFO App.Web.WebConfig.Middlewares.AppLoggingMiddleware.MoveNext [0]: ANONYMOUS_USER; POST /login => 302 
2023-12-01 20:56:50.287  INFO App.Web.WebConfig.Middlewares.AppLoggingMiddleware.MoveNext [0]: USER_ID: 1, USERNAME: admin; GET / => 200 
